This file contains any messages produced by compilers while
running configure, to aid debugging if configure makes a mistake.

It was created by HTSlib configure 1.9, which was
generated by GNU Autoconf 2.68.  Invocation command line was

  $ ./configure --disable-option-checking --prefix=/usr/local --without-curses --disable-bz2 --disable-lzma --enable-plugins LDFLAGS=-lz -L/home/fer/opt/SqueezeMeta/bin/Flye-2.9/lib/minimap2 -lminimap2 --cache-file=/dev/null --srcdir=.

## --------- ##
## Platform. ##
## --------- ##

hostname = localhost.localdomain
uname -m = x86_64
uname -r = 3.10.0-1160.45.1.el7.x86_64
uname -s = Linux
uname -v = #1 SMP Wed Oct 13 17:20:51 UTC 2021

/usr/bin/uname -p = x86_64
/bin/uname -X     = unknown

/bin/arch              = x86_64
/usr/bin/arch -k       = unknown
/usr/convex/getsysinfo = unknown
/usr/bin/hostinfo      = unknown
/bin/machine           = unknown
/usr/bin/oslevel       = unknown
/bin/universe          = unknown

PATH: /usr/local/bin
PATH: /usr/local/sbin
PATH: /usr/bin
PATH: /usr/sbin
PATH: /bin
PATH: /sbin
PATH: /home/fer/.local/bin
PATH: /home/fer/bin


## ----------- ##
## Core tests. ##
## ----------- ##

configure:2154: checking for gcc
configure:2170: found /usr/bin/gcc
configure:2181: result: gcc
configure:2410: checking for C compiler version
configure:2419: gcc --version >&5
gcc (GCC) 4.8.5 20150623 (Red Hat 4.8.5-44)
Copyright (C) 2015 Free Software Foundation, Inc.
This is free software; see the source for copying conditions.  There is NO
warranty; not even for MERCHANTABILITY or FITNESS FOR A PARTICULAR PURPOSE.

configure:2430: $? = 0
configure:2419: gcc -v >&5
Using built-in specs.
COLLECT_GCC=gcc
COLLECT_LTO_WRAPPER=/usr/libexec/gcc/x86_64-redhat-linux/4.8.5/lto-wrapper
Target: x86_64-redhat-linux
Configured with: ../configure --prefix=/usr --mandir=/usr/share/man --infodir=/usr/share/info --with-bugurl=http://bugzilla.redhat.com/bugzilla --enable-bootstrap --enable-shared --enable-threads=posix --enable-checking=release --with-system-zlib --enable-__cxa_atexit --disable-libunwind-exceptions --enable-gnu-unique-object --enable-linker-build-id --with-linker-hash-style=gnu --enable-languages=c,c++,objc,obj-c++,java,fortran,ada,go,lto --enable-plugin --enable-initfini-array --disable-libgcj --with-isl=/builddir/build/BUILD/gcc-4.8.5-20150702/obj-x86_64-redhat-linux/isl-install --with-cloog=/builddir/build/BUILD/gcc-4.8.5-20150702/obj-x86_64-redhat-linux/cloog-install --enable-gnu-indirect-function --with-tune=generic --with-arch_32=x86-64 --build=x86_64-redhat-linux
Thread model: posix
gcc version 4.8.5 20150623 (Red Hat 4.8.5-44) (GCC) 
configure:2430: $? = 0
configure:2419: gcc -V >&5
gcc: error: unrecognized command line option '-V'
gcc: fatal error: no input files
compilation terminated.
configure:2430: $? = 4
configure:2419: gcc -qversion >&5
gcc: error: unrecognized command line option '-qversion'
gcc: fatal error: no input files
compilation terminated.
configure:2430: $? = 4
configure:2450: checking whether the C compiler works
configure:2472: gcc   -lz -L/home/fer/opt/SqueezeMeta/bin/Flye-2.9/lib/minimap2 -lminimap2 conftest.c  >&5
configure:2476: $? = 0
configure:2524: result: yes
configure:2527: checking for C compiler default output file name
configure:2529: result: a.out
configure:2535: checking for suffix of executables
configure:2542: gcc -o conftest   -lz -L/home/fer/opt/SqueezeMeta/bin/Flye-2.9/lib/minimap2 -lminimap2 conftest.c  >&5
configure:2546: $? = 0
configure:2568: result: 
configure:2590: checking whether we are cross compiling
configure:2598: gcc -o conftest   -lz -L/home/fer/opt/SqueezeMeta/bin/Flye-2.9/lib/minimap2 -lminimap2 conftest.c  >&5
configure:2602: $? = 0
configure:2609: ./conftest
configure:2613: $? = 0
configure:2628: result: no
configure:2633: checking for suffix of object files
configure:2655: gcc -c   conftest.c >&5
configure:2659: $? = 0
configure:2680: result: o
configure:2684: checking whether we are using the GNU C compiler
configure:2703: gcc -c   conftest.c >&5
configure:2703: $? = 0
configure:2712: result: yes
configure:2721: checking whether gcc accepts -g
configure:2741: gcc -c -g  conftest.c >&5
configure:2741: $? = 0
configure:2782: result: yes
configure:2799: checking for gcc option to accept ISO C89
configure:2863: gcc  -c -g -O2  conftest.c >&5
configure:2863: $? = 0
configure:2876: result: none needed
configure:2939: checking for ranlib
configure:2955: found /usr/bin/ranlib
configure:2966: result: ranlib
configure:2989: checking for grep that handles long lines and -e
configure:3047: result: /usr/bin/grep
configure:3072: checking for C compiler warning flags
configure:3185: result: -Wall
configure:3302: checking for special C compiler options needed for large files
configure:3347: result: no
configure:3353: checking for _FILE_OFFSET_BITS value needed for large files
configure:3378: gcc -c  -Wall -g -O2  conftest.c >&5
configure:3378: $? = 0
configure:3410: result: no
configure:3493: checking for _LARGEFILE_SOURCE value needed for large files
configure:3512: gcc -o conftest  -Wall -g -O2  -lz -L/home/fer/opt/SqueezeMeta/bin/Flye-2.9/lib/minimap2 -lminimap2 conftest.c  >&5
configure:3512: $? = 0
configure:3540: result: no
configure:3642: checking shared library type for unknown-Linux
configure:3670: result: plain .so
configure:3679: checking how to run the C preprocessor
configure:3710: gcc -E  conftest.c
configure:3710: $? = 0
configure:3724: gcc -E  conftest.c
conftest.c:10:28: fatal error: ac_nonexistent.h: No such file or directory
 #include <ac_nonexistent.h>
                            ^
compilation terminated.
configure:3724: $? = 1
configure: failed program was:
| /* confdefs.h */
| #define PACKAGE_NAME "HTSlib"
| #define PACKAGE_TARNAME "htslib"
| #define PACKAGE_VERSION "1.9"
| #define PACKAGE_STRING "HTSlib 1.9"
| #define PACKAGE_BUGREPORT "samtools-help@lists.sourceforge.net"
| #define PACKAGE_URL "http://www.htslib.org/"
| #define HAVE_FSEEKO 1
| /* end confdefs.h.  */
| #include <ac_nonexistent.h>
configure:3749: result: gcc -E
configure:3769: gcc -E  conftest.c
configure:3769: $? = 0
configure:3783: gcc -E  conftest.c
conftest.c:10:28: fatal error: ac_nonexistent.h: No such file or directory
 #include <ac_nonexistent.h>
                            ^
compilation terminated.
configure:3783: $? = 1
configure: failed program was:
| /* confdefs.h */
| #define PACKAGE_NAME "HTSlib"
| #define PACKAGE_TARNAME "htslib"
| #define PACKAGE_VERSION "1.9"
| #define PACKAGE_STRING "HTSlib 1.9"
| #define PACKAGE_BUGREPORT "samtools-help@lists.sourceforge.net"
| #define PACKAGE_URL "http://www.htslib.org/"
| #define HAVE_FSEEKO 1
| /* end confdefs.h.  */
| #include <ac_nonexistent.h>
configure:3812: checking for egrep
configure:3874: result: /usr/bin/grep -E
configure:3879: checking for ANSI C header files
configure:3899: gcc -c  -Wall -g -O2  conftest.c >&5
configure:3899: $? = 0
configure:3972: gcc -o conftest  -Wall -g -O2  -lz -L/home/fer/opt/SqueezeMeta/bin/Flye-2.9/lib/minimap2 -lminimap2 conftest.c  >&5
configure:3972: $? = 0
configure:3972: ./conftest
configure:3972: $? = 0
configure:3983: result: yes
configure:3996: checking for sys/types.h
configure:3996: gcc -c  -Wall -g -O2  conftest.c >&5
configure:3996: $? = 0
configure:3996: result: yes
configure:3996: checking for sys/stat.h
configure:3996: gcc -c  -Wall -g -O2  conftest.c >&5
configure:3996: $? = 0
configure:3996: result: yes
configure:3996: checking for stdlib.h
configure:3996: gcc -c  -Wall -g -O2  conftest.c >&5
configure:3996: $? = 0
configure:3996: result: yes
configure:3996: checking for string.h
configure:3996: gcc -c  -Wall -g -O2  conftest.c >&5
configure:3996: $? = 0
configure:3996: result: yes
configure:3996: checking for memory.h
configure:3996: gcc -c  -Wall -g -O2  conftest.c >&5
configure:3996: $? = 0
configure:3996: result: yes
configure:3996: checking for strings.h
configure:3996: gcc -c  -Wall -g -O2  conftest.c >&5
configure:3996: $? = 0
configure:3996: result: yes
configure:3996: checking for inttypes.h
configure:3996: gcc -c  -Wall -g -O2  conftest.c >&5
configure:3996: $? = 0
configure:3996: result: yes
configure:3996: checking for stdint.h
configure:3996: gcc -c  -Wall -g -O2  conftest.c >&5
configure:3996: $? = 0
configure:3996: result: yes
configure:3996: checking for unistd.h
configure:3996: gcc -c  -Wall -g -O2  conftest.c >&5
configure:3996: $? = 0
configure:3996: result: yes
configure:4014: checking for stdlib.h
configure:4014: result: yes
configure:4014: checking for unistd.h
configure:4014: result: yes
configure:4014: checking for sys/param.h
configure:4014: gcc -c  -Wall -g -O2  conftest.c >&5
configure:4014: $? = 0
configure:4014: result: yes
configure:4034: checking for getpagesize
configure:4034: gcc -o conftest  -Wall -g -O2  -lz -L/home/fer/opt/SqueezeMeta/bin/Flye-2.9/lib/minimap2 -lminimap2 conftest.c  >&5
configure:4034: $? = 0
configure:4034: result: yes
configure:4043: checking for working mmap
configure:4190: gcc -o conftest  -Wall -g -O2  -lz -L/home/fer/opt/SqueezeMeta/bin/Flye-2.9/lib/minimap2 -lminimap2 conftest.c  >&5
configure:4190: $? = 0
configure:4190: ./conftest
configure:4190: $? = 0
configure:4200: result: yes
configure:4212: checking for gmtime_r
configure:4212: gcc -o conftest  -Wall -g -O2  -lz -L/home/fer/opt/SqueezeMeta/bin/Flye-2.9/lib/minimap2 -lminimap2 conftest.c  >&5
configure:4212: $? = 0
configure:4212: result: yes
configure:4212: checking for fsync
configure:4212: gcc -o conftest  -Wall -g -O2  -lz -L/home/fer/opt/SqueezeMeta/bin/Flye-2.9/lib/minimap2 -lminimap2 conftest.c  >&5
configure:4212: $? = 0
configure:4212: result: yes
configure:4212: checking for drand48
configure:4212: gcc -o conftest  -Wall -g -O2  -lz -L/home/fer/opt/SqueezeMeta/bin/Flye-2.9/lib/minimap2 -lminimap2 conftest.c  >&5
configure:4212: $? = 0
configure:4212: result: yes
configure:4224: checking whether fdatasync is declared
configure:4224: gcc -c  -Wall -g -O2  conftest.c >&5
configure:4224: $? = 0
configure:4224: result: yes
configure:4228: checking for fdatasync
configure:4228: gcc -o conftest  -Wall -g -O2  -lz -L/home/fer/opt/SqueezeMeta/bin/Flye-2.9/lib/minimap2 -lminimap2 conftest.c  >&5
configure:4228: $? = 0
configure:4228: result: yes
configure:4241: checking for library containing dlopen
configure:4272: gcc -o conftest  -Wall -g -O2  -lz -L/home/fer/opt/SqueezeMeta/bin/Flye-2.9/lib/minimap2 -lminimap2 conftest.c  >&5
/tmp/ccvCQJjl.o: In function `main':
/home/fer/opt/SqueezeMeta/bin/Flye-2.9/lib/samtools-1.9/htslib-1.9/conftest.c:40: undefined reference to `dlopen'
collect2: error: ld returned 1 exit status
configure:4272: $? = 1
configure: failed program was:
| /* confdefs.h */
| #define PACKAGE_NAME "HTSlib"
| #define PACKAGE_TARNAME "htslib"
| #define PACKAGE_VERSION "1.9"
| #define PACKAGE_STRING "HTSlib 1.9"
| #define PACKAGE_BUGREPORT "samtools-help@lists.sourceforge.net"
| #define PACKAGE_URL "http://www.htslib.org/"
| #define HAVE_FSEEKO 1
| #define STDC_HEADERS 1
| #define HAVE_SYS_TYPES_H 1
| #define HAVE_SYS_STAT_H 1
| #define HAVE_STDLIB_H 1
| #define HAVE_STRING_H 1
| #define HAVE_MEMORY_H 1
| #define HAVE_STRINGS_H 1
| #define HAVE_INTTYPES_H 1
| #define HAVE_STDINT_H 1
| #define HAVE_UNISTD_H 1
| #define HAVE_STDLIB_H 1
| #define HAVE_UNISTD_H 1
| #define HAVE_SYS_PARAM_H 1
| #define HAVE_GETPAGESIZE 1
| #define HAVE_MMAP 1
| #define HAVE_GMTIME_R 1
| #define HAVE_FSYNC 1
| #define HAVE_DRAND48 1
| #define HAVE_FDATASYNC 1
| /* end confdefs.h.  */
| 
| /* Override any GCC internal prototype to avoid an error.
|    Use char because int might match the return type of a GCC
|    builtin and then its argument prototype would still apply.  */
| #ifdef __cplusplus
| extern "C"
| #endif
| char dlopen ();
| int
| main ()
| {
| return dlopen ();
|   ;
|   return 0;
| }
configure:4272: gcc -o conftest  -Wall -g -O2  -lz -L/home/fer/opt/SqueezeMeta/bin/Flye-2.9/lib/minimap2 -lminimap2 conftest.c -ldl   >&5
configure:4272: $? = 0
configure:4289: result: -ldl
configure:4324: checking for library containing log
configure:4355: gcc -o conftest  -Wall -g -O2  -lz -L/home/fer/opt/SqueezeMeta/bin/Flye-2.9/lib/minimap2 -lminimap2 -rdynamic conftest.c -ldl  >&5
conftest.c:38:6: warning: conflicting types for built-in function 'log' [enabled by default]
 char log ();
      ^
/tmp/ccWjt2Ip.o: In function `main':
/home/fer/opt/SqueezeMeta/bin/Flye-2.9/lib/samtools-1.9/htslib-1.9/conftest.c:42: undefined reference to `log'
collect2: error: ld returned 1 exit status
configure:4355: $? = 1
configure: failed program was:
| /* confdefs.h */
| #define PACKAGE_NAME "HTSlib"
| #define PACKAGE_TARNAME "htslib"
| #define PACKAGE_VERSION "1.9"
| #define PACKAGE_STRING "HTSlib 1.9"
| #define PACKAGE_BUGREPORT "samtools-help@lists.sourceforge.net"
| #define PACKAGE_URL "http://www.htslib.org/"
| #define HAVE_FSEEKO 1
| #define STDC_HEADERS 1
| #define HAVE_SYS_TYPES_H 1
| #define HAVE_SYS_STAT_H 1
| #define HAVE_STDLIB_H 1
| #define HAVE_STRING_H 1
| #define HAVE_MEMORY_H 1
| #define HAVE_STRINGS_H 1
| #define HAVE_INTTYPES_H 1
| #define HAVE_STDINT_H 1
| #define HAVE_UNISTD_H 1
| #define HAVE_STDLIB_H 1
| #define HAVE_UNISTD_H 1
| #define HAVE_SYS_PARAM_H 1
| #define HAVE_GETPAGESIZE 1
| #define HAVE_MMAP 1
| #define HAVE_GMTIME_R 1
| #define HAVE_FSYNC 1
| #define HAVE_DRAND48 1
| #define HAVE_FDATASYNC 1
| #define ENABLE_PLUGINS 1
| #define PLUGIN_EXT ".so"
| /* end confdefs.h.  */
| 
| /* Override any GCC internal prototype to avoid an error.
|    Use char because int might match the return type of a GCC
|    builtin and then its argument prototype would still apply.  */
| #ifdef __cplusplus
| extern "C"
| #endif
| char log ();
| int
| main ()
| {
| return log ();
|   ;
|   return 0;
| }
configure:4355: gcc -o conftest  -Wall -g -O2  -lz -L/home/fer/opt/SqueezeMeta/bin/Flye-2.9/lib/minimap2 -lminimap2 -rdynamic conftest.c -lm  -ldl  >&5
conftest.c:38:6: warning: conflicting types for built-in function 'log' [enabled by default]
 char log ();
      ^
configure:4355: $? = 0
configure:4372: result: -lm
configure:4392: checking for zlib.h
configure:4392: gcc -c  -Wall -g -O2  conftest.c >&5
configure:4392: $? = 0
configure:4392: result: yes
configure:4401: checking for inflate in -lz
configure:4426: gcc -o conftest  -Wall -g -O2  -lz -L/home/fer/opt/SqueezeMeta/bin/Flye-2.9/lib/minimap2 -lminimap2 -rdynamic conftest.c -lz  -lm -ldl  >&5
configure:4426: $? = 0
configure:4435: result: yes
configure:4466: checking for library containing recv
configure:4497: gcc -o conftest  -Wall -g -O2  -lz -L/home/fer/opt/SqueezeMeta/bin/Flye-2.9/lib/minimap2 -lminimap2 -rdynamic conftest.c -lz -lm -ldl  >&5
configure:4497: $? = 0
configure:4514: result: none required
configure:4708: checking for libdeflate.h
configure:4708: gcc -c  -Wall -g -O2  conftest.c >&5
conftest.c:34:24: fatal error: libdeflate.h: No such file or directory
 #include <libdeflate.h>
                        ^
compilation terminated.
configure:4708: $? = 1
configure: failed program was:
| /* confdefs.h */
| #define PACKAGE_NAME "HTSlib"
| #define PACKAGE_TARNAME "htslib"
| #define PACKAGE_VERSION "1.9"
| #define PACKAGE_STRING "HTSlib 1.9"
| #define PACKAGE_BUGREPORT "samtools-help@lists.sourceforge.net"
| #define PACKAGE_URL "http://www.htslib.org/"
| #define HAVE_FSEEKO 1
| #define STDC_HEADERS 1
| #define HAVE_SYS_TYPES_H 1
| #define HAVE_SYS_STAT_H 1
| #define HAVE_STDLIB_H 1
| #define HAVE_STRING_H 1
| #define HAVE_MEMORY_H 1
| #define HAVE_STRINGS_H 1
| #define HAVE_INTTYPES_H 1
| #define HAVE_STDINT_H 1
| #define HAVE_UNISTD_H 1
| #define HAVE_STDLIB_H 1
| #define HAVE_UNISTD_H 1
| #define HAVE_SYS_PARAM_H 1
| #define HAVE_GETPAGESIZE 1
| #define HAVE_MMAP 1
| #define HAVE_GMTIME_R 1
| #define HAVE_FSYNC 1
| #define HAVE_DRAND48 1
| #define HAVE_FDATASYNC 1
| #define ENABLE_PLUGINS 1
| #define PLUGIN_EXT ".so"
| #define HAVE_LIBZ 1
| /* end confdefs.h.  */
| ;
| 
| #include <libdeflate.h>
configure:4708: result: no
configure:4717: checking for libdeflate_deflate_compress in -ldeflate
configure:4742: gcc -o conftest  -Wall -g -O2  -lz -L/home/fer/opt/SqueezeMeta/bin/Flye-2.9/lib/minimap2 -lminimap2 -rdynamic conftest.c -ldeflate  -lz -lm -ldl  >&5
/usr/bin/ld: cannot find -ldeflate
collect2: error: ld returned 1 exit status
configure:4742: $? = 1
configure: failed program was:
| /* confdefs.h */
| #define PACKAGE_NAME "HTSlib"
| #define PACKAGE_TARNAME "htslib"
| #define PACKAGE_VERSION "1.9"
| #define PACKAGE_STRING "HTSlib 1.9"
| #define PACKAGE_BUGREPORT "samtools-help@lists.sourceforge.net"
| #define PACKAGE_URL "http://www.htslib.org/"
| #define HAVE_FSEEKO 1
| #define STDC_HEADERS 1
| #define HAVE_SYS_TYPES_H 1
| #define HAVE_SYS_STAT_H 1
| #define HAVE_STDLIB_H 1
| #define HAVE_STRING_H 1
| #define HAVE_MEMORY_H 1
| #define HAVE_STRINGS_H 1
| #define HAVE_INTTYPES_H 1
| #define HAVE_STDINT_H 1
| #define HAVE_UNISTD_H 1
| #define HAVE_STDLIB_H 1
| #define HAVE_UNISTD_H 1
| #define HAVE_SYS_PARAM_H 1
| #define HAVE_GETPAGESIZE 1
| #define HAVE_MMAP 1
| #define HAVE_GMTIME_R 1
| #define HAVE_FSYNC 1
| #define HAVE_DRAND48 1
| #define HAVE_FDATASYNC 1
| #define ENABLE_PLUGINS 1
| #define PLUGIN_EXT ".so"
| #define HAVE_LIBZ 1
| /* end confdefs.h.  */
| 
| /* Override any GCC internal prototype to avoid an error.
|    Use char because int might match the return type of a GCC
|    builtin and then its argument prototype would still apply.  */
| #ifdef __cplusplus
| extern "C"
| #endif
| char libdeflate_deflate_compress ();
| int
| main ()
| {
| return libdeflate_deflate_compress ();
|   ;
|   return 0;
| }
configure:4751: result: no
configure:4793: checking for curl_easy_pause in -lcurl
configure:4818: gcc -o conftest  -Wall -g -O2  -lz -L/home/fer/opt/SqueezeMeta/bin/Flye-2.9/lib/minimap2 -lminimap2 -rdynamic conftest.c -lcurl  -lz -lm -ldl  >&5
configure:4818: $? = 0
configure:4827: result: yes
configure:4958: checking for CCHmac
configure:4958: gcc -o conftest  -Wall -g -O2  -lz -L/home/fer/opt/SqueezeMeta/bin/Flye-2.9/lib/minimap2 -lminimap2 -rdynamic conftest.c -lz -lm -ldl  >&5
/tmp/ccWdx4TX.o: In function `main':
/home/fer/opt/SqueezeMeta/bin/Flye-2.9/lib/samtools-1.9/htslib-1.9/conftest.c:68: undefined reference to `CCHmac'
collect2: error: ld returned 1 exit status
configure:4958: $? = 1
configure: failed program was:
| /* confdefs.h */
| #define PACKAGE_NAME "HTSlib"
| #define PACKAGE_TARNAME "htslib"
| #define PACKAGE_VERSION "1.9"
| #define PACKAGE_STRING "HTSlib 1.9"
| #define PACKAGE_BUGREPORT "samtools-help@lists.sourceforge.net"
| #define PACKAGE_URL "http://www.htslib.org/"
| #define HAVE_FSEEKO 1
| #define STDC_HEADERS 1
| #define HAVE_SYS_TYPES_H 1
| #define HAVE_SYS_STAT_H 1
| #define HAVE_STDLIB_H 1
| #define HAVE_STRING_H 1
| #define HAVE_MEMORY_H 1
| #define HAVE_STRINGS_H 1
| #define HAVE_INTTYPES_H 1
| #define HAVE_STDINT_H 1
| #define HAVE_UNISTD_H 1
| #define HAVE_STDLIB_H 1
| #define HAVE_UNISTD_H 1
| #define HAVE_SYS_PARAM_H 1
| #define HAVE_GETPAGESIZE 1
| #define HAVE_MMAP 1
| #define HAVE_GMTIME_R 1
| #define HAVE_FSYNC 1
| #define HAVE_DRAND48 1
| #define HAVE_FDATASYNC 1
| #define ENABLE_PLUGINS 1
| #define PLUGIN_EXT ".so"
| #define HAVE_LIBZ 1
| #define HAVE_LIBCURL 1
| #define ENABLE_GCS 1
| /* end confdefs.h.  */
| /* Define CCHmac to an innocuous variant, in case <limits.h> declares CCHmac.
|    For example, HP-UX 11i <limits.h> declares gettimeofday.  */
| #define CCHmac innocuous_CCHmac
| 
| /* System header to define __stub macros and hopefully few prototypes,
|     which can conflict with char CCHmac (); below.
|     Prefer <limits.h> to <assert.h> if __STDC__ is defined, since
|     <limits.h> exists even on freestanding compilers.  */
| 
| #ifdef __STDC__
| # include <limits.h>
| #else
| # include <assert.h>
| #endif
| 
| #undef CCHmac
| 
| /* Override any GCC internal prototype to avoid an error.
|    Use char because int might match the return type of a GCC
|    builtin and then its argument prototype would still apply.  */
| #ifdef __cplusplus
| extern "C"
| #endif
| char CCHmac ();
| /* The GNU C library defines this for functions which it implements
|     to always fail with ENOSYS.  Some functions are actually named
|     something starting with __ and the normal name is an alias.  */
| #if defined __stub_CCHmac || defined __stub___CCHmac
| choke me
| #endif
| 
| int
| main ()
| {
| return CCHmac ();
|   ;
|   return 0;
| }
configure:4958: result: no
configure:4965: checking for library containing HMAC
configure:4996: gcc -o conftest  -Wall -g -O2  -lz -L/home/fer/opt/SqueezeMeta/bin/Flye-2.9/lib/minimap2 -lminimap2 -rdynamic conftest.c -lz -lm -ldl  >&5
/tmp/cc79pm53.o: In function `main':
/home/fer/opt/SqueezeMeta/bin/Flye-2.9/lib/samtools-1.9/htslib-1.9/conftest.c:45: undefined reference to `HMAC'
collect2: error: ld returned 1 exit status
configure:4996: $? = 1
configure: failed program was:
| /* confdefs.h */
| #define PACKAGE_NAME "HTSlib"
| #define PACKAGE_TARNAME "htslib"
| #define PACKAGE_VERSION "1.9"
| #define PACKAGE_STRING "HTSlib 1.9"
| #define PACKAGE_BUGREPORT "samtools-help@lists.sourceforge.net"
| #define PACKAGE_URL "http://www.htslib.org/"
| #define HAVE_FSEEKO 1
| #define STDC_HEADERS 1
| #define HAVE_SYS_TYPES_H 1
| #define HAVE_SYS_STAT_H 1
| #define HAVE_STDLIB_H 1
| #define HAVE_STRING_H 1
| #define HAVE_MEMORY_H 1
| #define HAVE_STRINGS_H 1
| #define HAVE_INTTYPES_H 1
| #define HAVE_STDINT_H 1
| #define HAVE_UNISTD_H 1
| #define HAVE_STDLIB_H 1
| #define HAVE_UNISTD_H 1
| #define HAVE_SYS_PARAM_H 1
| #define HAVE_GETPAGESIZE 1
| #define HAVE_MMAP 1
| #define HAVE_GMTIME_R 1
| #define HAVE_FSYNC 1
| #define HAVE_DRAND48 1
| #define HAVE_FDATASYNC 1
| #define ENABLE_PLUGINS 1
| #define PLUGIN_EXT ".so"
| #define HAVE_LIBZ 1
| #define HAVE_LIBCURL 1
| #define ENABLE_GCS 1
| /* end confdefs.h.  */
| 
| /* Override any GCC internal prototype to avoid an error.
|    Use char because int might match the return type of a GCC
|    builtin and then its argument prototype would still apply.  */
| #ifdef __cplusplus
| extern "C"
| #endif
| char HMAC ();
| int
| main ()
| {
| return HMAC ();
|   ;
|   return 0;
| }
configure:4996: gcc -o conftest  -Wall -g -O2  -lz -L/home/fer/opt/SqueezeMeta/bin/Flye-2.9/lib/minimap2 -lminimap2 -rdynamic conftest.c -lcrypto  -lz -lm -ldl  >&5
configure:4996: $? = 0
configure:5013: result: -lcrypto
configure:5055: checking whether PTHREAD_MUTEX_RECURSIVE is declared
configure:5055: gcc -c  -Wall -g -O2  conftest.c >&5
configure:5055: $? = 0
configure:5055: result: yes
configure:5200: creating ./config.status

## ---------------------- ##
## Running config.status. ##
## ---------------------- ##

This file was extended by HTSlib config.status 1.9, which was
generated by GNU Autoconf 2.68.  Invocation command line was

  CONFIG_FILES    = 
  CONFIG_HEADERS  = 
  CONFIG_LINKS    = 
  CONFIG_COMMANDS = 
  $ ./config.status 

on localhost.localdomain

config.status:842: creating config.mk
config.status:842: creating htslib.pc.tmp
config.status:842: creating config.h

## ---------------- ##
## Cache variables. ##
## ---------------- ##

ac_cv_c_compiler_gnu=yes
ac_cv_env_CC_set=
ac_cv_env_CC_value=
ac_cv_env_CFLAGS_set=
ac_cv_env_CFLAGS_value=
ac_cv_env_CPPFLAGS_set=
ac_cv_env_CPPFLAGS_value=
ac_cv_env_CPP_set=
ac_cv_env_CPP_value=
ac_cv_env_LDFLAGS_set=set
ac_cv_env_LDFLAGS_value='-lz -L/home/fer/opt/SqueezeMeta/bin/Flye-2.9/lib/minimap2 -lminimap2'
ac_cv_env_LIBS_set=
ac_cv_env_LIBS_value=
ac_cv_env_build_alias_set=
ac_cv_env_build_alias_value=
ac_cv_env_host_alias_set=
ac_cv_env_host_alias_value=
ac_cv_env_target_alias_set=
ac_cv_env_target_alias_value=
ac_cv_func_CCHmac=no
ac_cv_func_drand48=yes
ac_cv_func_fdatasync=yes
ac_cv_func_fsync=yes
ac_cv_func_getpagesize=yes
ac_cv_func_gmtime_r=yes
ac_cv_func_mmap_fixed_mapped=yes
ac_cv_have_decl_PTHREAD_MUTEX_RECURSIVE=yes
ac_cv_have_decl_fdatasync_int_=yes
ac_cv_header_inttypes_h=yes
ac_cv_header_libdeflate_h=no
ac_cv_header_memory_h=yes
ac_cv_header_stdc=yes
ac_cv_header_stdint_h=yes
ac_cv_header_stdlib_h=yes
ac_cv_header_string_h=yes
ac_cv_header_strings_h=yes
ac_cv_header_sys_param_h=yes
ac_cv_header_sys_stat_h=yes
ac_cv_header_sys_types_h=yes
ac_cv_header_unistd_h=yes
ac_cv_header_zlib_h=yes
ac_cv_lib_curl_curl_easy_pause=yes
ac_cv_lib_deflate_libdeflate_deflate_compress=no
ac_cv_lib_z_inflate=yes
ac_cv_objext=o
ac_cv_path_EGREP='/usr/bin/grep -E'
ac_cv_path_GREP=/usr/bin/grep
ac_cv_prog_CPP='gcc -E'
ac_cv_prog_ac_ct_CC=gcc
ac_cv_prog_ac_ct_RANLIB=ranlib
ac_cv_prog_cc_c89=
ac_cv_prog_cc_g=yes
ac_cv_search_HMAC=-lcrypto
ac_cv_search_dlopen=-ldl
ac_cv_search_log=-lm
ac_cv_search_recv='none required'
ac_cv_sys_file_offset_bits=no
ac_cv_sys_largefile_CC=no
ac_cv_sys_largefile_source=no
hts_cv_prog_cc_warnings=-Wall

## ----------------- ##
## Output variables. ##
## ----------------- ##

CC='gcc'
CFLAGS=' -Wall -g -O2'
CPP='gcc -E'
CPPFLAGS=''
CRYPTO_LIBS='-lcrypto'
DEFS='-DHAVE_CONFIG_H'
ECHO_C=''
ECHO_N='-n'
ECHO_T=''
EGREP='/usr/bin/grep -E'
EXEEXT=''
GREP='/usr/bin/grep'
LDFLAGS='-lz -L/home/fer/opt/SqueezeMeta/bin/Flye-2.9/lib/minimap2 -lminimap2 -rdynamic'
LIBOBJS=''
LIBS='-lz -lm -ldl '
LTLIBOBJS=''
OBJEXT='o'
PACKAGE_BUGREPORT='samtools-help@lists.sourceforge.net'
PACKAGE_NAME='HTSlib'
PACKAGE_STRING='HTSlib 1.9'
PACKAGE_TARNAME='htslib'
PACKAGE_URL='http://www.htslib.org/'
PACKAGE_VERSION='1.9'
PATH_SEPARATOR=':'
PLATFORM='default'
PLUGIN_EXT='.so'
RANLIB='ranlib'
SHELL='/bin/sh'
ac_ct_CC='gcc'
bindir='${exec_prefix}/bin'
build_alias=''
datadir='${datarootdir}'
datarootdir='${prefix}/share'
docdir='${datarootdir}/doc/${PACKAGE_TARNAME}'
dvidir='${docdir}'
enable_plugins='yes'
exec_prefix='${prefix}'
gcs='enabled'
host_alias='unknown-Linux'
htmldir='${docdir}'
includedir='${prefix}/include'
infodir='${datarootdir}/info'
libcurl='enabled'
libdir='${exec_prefix}/lib'
libexecdir='${exec_prefix}/libexec'
localedir='${datarootdir}/locale'
localstatedir='${prefix}/var'
mandir='${datarootdir}/man'
oldincludedir='/usr/include'
pc_requires=''
pdfdir='${docdir}'
plugindir='$(libexecdir)/htslib'
pluginpath='$(libexecdir)/htslib'
prefix='/usr/local'
private_LIBS='-lz -L/home/fer/opt/SqueezeMeta/bin/Flye-2.9/lib/minimap2 -lminimap2'
program_transform_name='s,x,x,'
psdir='${docdir}'
s3='enabled'
sbindir='${exec_prefix}/sbin'
sharedstatedir='${prefix}/com'
static_LDFLAGS='-lz -L/home/fer/opt/SqueezeMeta/bin/Flye-2.9/lib/minimap2 -lminimap2 -rdynamic'
static_LIBS='-lpthread -lz -lm -ldl'
sysconfdir='${prefix}/etc'
target_alias=''

## ----------- ##
## confdefs.h. ##
## ----------- ##

/* confdefs.h */
#define PACKAGE_NAME "HTSlib"
#define PACKAGE_TARNAME "htslib"
#define PACKAGE_VERSION "1.9"
#define PACKAGE_STRING "HTSlib 1.9"
#define PACKAGE_BUGREPORT "samtools-help@lists.sourceforge.net"
#define PACKAGE_URL "http://www.htslib.org/"
#define HAVE_FSEEKO 1
#define STDC_HEADERS 1
#define HAVE_SYS_TYPES_H 1
#define HAVE_SYS_STAT_H 1
#define HAVE_STDLIB_H 1
#define HAVE_STRING_H 1
#define HAVE_MEMORY_H 1
#define HAVE_STRINGS_H 1
#define HAVE_INTTYPES_H 1
#define HAVE_STDINT_H 1
#define HAVE_UNISTD_H 1
#define HAVE_STDLIB_H 1
#define HAVE_UNISTD_H 1
#define HAVE_SYS_PARAM_H 1
#define HAVE_GETPAGESIZE 1
#define HAVE_MMAP 1
#define HAVE_GMTIME_R 1
#define HAVE_FSYNC 1
#define HAVE_DRAND48 1
#define HAVE_FDATASYNC 1
#define ENABLE_PLUGINS 1
#define PLUGIN_EXT ".so"
#define HAVE_LIBZ 1
#define HAVE_LIBCURL 1
#define ENABLE_GCS 1
#define HAVE_HMAC 1
#define ENABLE_S3 1

configure: exit 0
